0 verbose cli /data/data/com.termux/files/usr/bin/node /data/data/com.termux/files/usr/bin/npm
1 info using npm@11.12.1
2 info using node@v25.8.2
3 silly config load:file:/data/data/com.termux/files/usr/lib/node_modules/npm/npmrc
4 silly config load:file:/data/data/com.termux/files/home/.npmrc
5 silly config load:file:/data/data/com.termux/files/usr/etc/npmrc
6 verbose title npm fund
7 verbose argv "fund"
8 verbose logfile logs-max:10 dir:/data/data/com.termux/files/home/.npm/_logs/2026-04-06T20_12_00_144Z-
9 verbose logfile /data/data/com.termux/files/home/.npm/_logs/2026-04-06T20_12_00_144Z-debug-0.log
10 silly logfile start cleaning logs, removing 1 files
11 silly packumentCache heap:1055916032 maxSize:263979008 maxEntrySize:131989504
12 silly logfile done cleaning log files
13 verbose shrinkwrap failed to load node_modules/.package-lock.json out of date, updated: node_modules/next
14 verbose cwd /data/data/com.termux/files/home
15 verbose os Linux 5.15.180-android13-8-00021-g46a5565a0982-ab13743836
16 verbose node v25.8.2
17 verbose npm  v11.12.1
18 verbose exit 0
19 info ok
